c:\users\dungh\desktop\commctrl win32\cppwindowscommoncontrols\debug\vc141.pdb
c:\users\dungh\desktop\commctrl win32\cppwindowscommoncontrols\debug\vc141.idb
c:\users\dungh\desktop\commctrl win32\cppwindowscommoncontrols\debug\cppwindowscommoncontrols.obj
c:\users\dungh\desktop\commctrl win32\debug\cppwindowscommoncontrols.exe
c:\users\dungh\desktop\commctrl win32\debug\cppwindowscommoncontrols.ilk
c:\users\dungh\desktop\commctrl win32\debug\cppwindowscommoncontrols.pdb
c:\users\dungh\desktop\commctrl win32\cppwindowscommoncontrols\debug\cppwindowscommoncontrols.res
d:\quoc_cuong\commctrl win32\cppwindowscommoncontrols\debug\cppwindowscommoncontrols.obj
d:\quoc_cuong\commctrl win32\cppwindowscommoncontrols\debug\cppwindowscommoncontrols.res
d:\quoc_cuong\commctrl win32\cppwindowscommoncontrols\debug\vc141.idb
d:\quoc_cuong\commctrl win32\cppwindowscommoncontrols\debug\vc141.pdb
d:\quoc_cuong\commctrl win32\debug\cppwindowscommoncontrols.exe
d:\quoc_cuong\commctrl win32\cppwindowscommoncontrols\debug\cppwindo.f681f1e9.tlog\cl.command.1.tlog
d:\quoc_cuong\commctrl win32\cppwindowscommoncontrols\debug\cppwindo.f681f1e9.tlog\cl.read.1.tlog
d:\quoc_cuong\commctrl win32\cppwindowscommoncontrols\debug\cppwindo.f681f1e9.tlog\cl.write.1.tlog
d:\quoc_cuong\commctrl win32\cppwindowscommoncontrols\debug\cppwindo.f681f1e9.tlog\link.command.1.tlog
d:\quoc_cuong\commctrl win32\cppwindowscommoncontrols\debug\cppwindo.f681f1e9.tlog\link.read.1.tlog
d:\quoc_cuong\commctrl win32\cppwindowscommoncontrols\debug\cppwindo.f681f1e9.tlog\link.write.1.tlog
d:\quoc_cuong\commctrl win32\cppwindowscommoncontrols\debug\cppwindo.f681f1e9.tlog\rc.command.1.tlog
d:\quoc_cuong\commctrl win32\cppwindowscommoncontrols\debug\cppwindo.f681f1e9.tlog\rc.read.1.tlog
d:\quoc_cuong\commctrl win32\cppwindowscommoncontrols\debug\cppwindo.f681f1e9.tlog\rc.write.1.tlog
